app/build/intermediates/manifest_merge_blame_file/debug/processDebugMainManifest/manifest-merger-blame-debug-report.txt
1<?xml version="1.0" encoding="utf-8"?>
2<manifest xmlns:android="http://schemas.android.com/apk/res/android"
3    package="umc.cozymate"
4    android:versionCode="1"
5    android:versionName="1.0" >
6
7    <uses-sdk
8        android:minSdkVersion="26"
9        android:targetSdkVersion="34" />
10    <!-- 인터넷 사용권한 설정 -->
11    <uses-permission android:name="android.permission.ACCESS_NETWORK_STATE" />
11-->src/main/AndroidManifest.xml:6:5-79
11-->src/main/AndroidManifest.xml:6:22-76
12    <uses-permission android:name="android.permission.INTERNET" /> <!-- FCM을 위한 권한 설정 -->
12-->src/main/AndroidManifest.xml:7:5-67
12-->src/main/AndroidManifest.xml:7:22-64
13    <uses-permission android:name="android.permission.POST_NOTIFICATIONS" />
13-->src/main/AndroidManifest.xml:8:5-77
13-->src/main/AndroidManifest.xml:8:22-74
14    <uses-permission android:name="android.permission.VIBRATE" />
14-->src/main/AndroidManifest.xml:9:5-66
14-->src/main/AndroidManifest.xml:9:22-63
15    <uses-permission android:name="android.permission.WAKE_LOCK" />
15-->src/main/AndroidManifest.xml:10:5-68
15-->src/main/AndroidManifest.xml:10:22-65
16
17    <queries>
17-->[com.kakao.sdk:v2-common:2.20.3] AndroidManifest.xml:9:5-22:15
18        <package android:name="com.kakao.talk" />
18-->[com.kakao.sdk:v2-common:2.20.3] AndroidManifest.xml:10:9-50
18-->[com.kakao.sdk:v2-common:2.20.3] AndroidManifest.xml:10:18-47
19        <package android:name="com.kakao.talk.alpha" />
19-->[com.kakao.sdk:v2-common:2.20.3] AndroidManifest.xml:11:9-56
19-->[com.kakao.sdk:v2-common:2.20.3] AndroidManifest.xml:11:18-53
20        <package android:name="com.kakao.talk.sandbox" />
20-->[com.kakao.sdk:v2-common:2.20.3] AndroidManifest.xml:12:9-58
20-->[com.kakao.sdk:v2-common:2.20.3] AndroidManifest.xml:12:18-55
21        <package android:name="com.kakao.onetalk" />
21-->[com.kakao.sdk:v2-common:2.20.3] AndroidManifest.xml:13:9-53
21-->[com.kakao.sdk:v2-common:2.20.3] AndroidManifest.xml:13:18-50
22
23        <intent>
23-->[com.kakao.sdk:v2-common:2.20.3] AndroidManifest.xml:15:9-21:18
24            <action android:name="android.intent.action.VIEW" />
24-->src/main/AndroidManifest.xml:32:17-69
24-->src/main/AndroidManifest.xml:32:25-66
25
26            <category android:name="android.intent.category.BROWSABLE" />
26-->src/main/AndroidManifest.xml:35:17-78
26-->src/main/AndroidManifest.xml:35:27-75
27
28            <data android:scheme="https" />
28-->src/main/AndroidManifest.xml:37:17-39:78
28-->src/main/AndroidManifest.xml:39:21-75
29        </intent>
30    </queries>
31
32    <uses-permission android:name="com.google.android.finsky.permission.BIND_GET_INSTALL_REFERRER_SERVICE" />
32-->[com.google.android.gms:play-services-measurement:22.0.0] AndroidManifest.xml:26:5-110
32-->[com.google.android.gms:play-services-measurement:22.0.0] AndroidManifest.xml:26:22-107
33    <uses-permission android:name="com.google.android.gms.permission.AD_ID" />
33-->[com.google.android.gms:play-services-measurement-api:22.0.0] AndroidManifest.xml:25:5-79
33-->[com.google.android.gms:play-services-measurement-api:22.0.0] AndroidManifest.xml:25:22-76
34    <uses-permission android:name="android.permission.ACCESS_ADSERVICES_ATTRIBUTION" />
34-->[com.google.android.gms:play-services-measurement-api:22.0.0] AndroidManifest.xml:26:5-88
34-->[com.google.android.gms:play-services-measurement-api:22.0.0] AndroidManifest.xml:26:22-85
35    <uses-permission android:name="android.permission.ACCESS_ADSERVICES_AD_ID" /> <!-- Required by older versions of Google Play services to create IID tokens -->
35-->[com.google.android.gms:play-services-measurement-api:22.0.0] AndroidManifest.xml:27:5-82
35-->[com.google.android.gms:play-services-measurement-api:22.0.0] AndroidManifest.xml:27:22-79
36    <uses-permission android:name="com.google.android.c2dm.permission.RECEIVE" />
36-->[com.google.firebase:firebase-messaging:24.0.0] AndroidManifest.xml:26:5-82
36-->[com.google.firebase:firebase-messaging:24.0.0] AndroidManifest.xml:26:22-79
37    <uses-permission android:name="android.permission.RECEIVE_BOOT_COMPLETED" />
37-->[androidx.work:work-runtime:2.9.0] AndroidManifest.xml:25:5-81
37-->[androidx.work:work-runtime:2.9.0] AndroidManifest.xml:25:22-78
38    <uses-permission android:name="android.permission.FOREGROUND_SERVICE" />
38-->[androidx.work:work-runtime:2.9.0] AndroidManifest.xml:26:5-77
38-->[androidx.work:work-runtime:2.9.0] AndroidManifest.xml:26:22-74
39
40    <permission
40-->[androidx.core:core:1.13.1] AndroidManifest.xml:22:5-24:47
41        android:name="umc.cozymate.DYNAMIC_RECEIVER_NOT_EXPORTED_PERMISSION"
41-->[androidx.core:core:1.13.1] AndroidManifest.xml:23:9-81
42        android:protectionLevel="signature" />
42-->[androidx.core:core:1.13.1] AndroidManifest.xml:24:9-44
43
44    <uses-permission android:name="umc.cozymate.DYNAMIC_RECEIVER_NOT_EXPORTED_PERMISSION" />
44-->[androidx.core:core:1.13.1] AndroidManifest.xml:26:5-97
44-->[androidx.core:core:1.13.1] AndroidManifest.xml:26:22-94
45
46    <application
46-->src/main/AndroidManifest.xml:12:5-97:19
47        android:name="umc.cozymate.CozyMateApplication"
47-->src/main/AndroidManifest.xml:13:9-44
48        android:allowBackup="true"
48-->src/main/AndroidManifest.xml:14:9-35
49        android:appComponentFactory="androidx.core.app.CoreComponentFactory"
49-->[androidx.core:core:1.13.1] AndroidManifest.xml:28:18-86
50        android:dataExtractionRules="@xml/data_extraction_rules"
50-->src/main/AndroidManifest.xml:15:9-65
51        android:debuggable="true"
52        android:extractNativeLibs="false"
53        android:fullBackupContent="@xml/backup_rules"
53-->src/main/AndroidManifest.xml:16:9-54
54        android:icon="@mipmap/ic_launcher"
54-->src/main/AndroidManifest.xml:17:9-43
55        android:label="@string/app_name"
55-->src/main/AndroidManifest.xml:18:9-41
56        android:roundIcon="@mipmap/ic_launcher_round"
56-->src/main/AndroidManifest.xml:19:9-54
57        android:supportsRtl="true"
57-->src/main/AndroidManifest.xml:20:9-35
58        android:testOnly="true"
59        android:theme="@style/Theme.Cozymate" >
59-->src/main/AndroidManifest.xml:21:9-46
60        <meta-data
60-->src/main/AndroidManifest.xml:24:9-26:64
61            android:name="com.kakao.sdk.AppKey"
61-->src/main/AndroidManifest.xml:25:13-48
62            android:value="a51292da8bc69b2160b0bb97ec00b2ad" />
62-->src/main/AndroidManifest.xml:26:13-61
63        <!-- 카카오 로그인, 인가코드를 받기 위한 액티비티 -->
64        <activity
64-->src/main/AndroidManifest.xml:28:9-41:20
65            android:name="com.kakao.sdk.auth.AuthCodeHandlerActivity"
65-->src/main/AndroidManifest.xml:29:13-70
66            android:exported="true"
66-->src/main/AndroidManifest.xml:30:13-36
67            android:launchMode="singleTask"
67-->[com.kakao.sdk:v2-auth:2.20.3] AndroidManifest.xml:18:13-44
68            android:theme="@style/TransparentCompat" >
68-->[com.kakao.sdk:v2-auth:2.20.3] AndroidManifest.xml:19:13-53
69            <intent-filter>
69-->src/main/AndroidManifest.xml:31:13-40:29
70                <action android:name="android.intent.action.VIEW" />
70-->src/main/AndroidManifest.xml:32:17-69
70-->src/main/AndroidManifest.xml:32:25-66
71
72                <category android:name="android.intent.category.DEFAULT" />
72-->src/main/AndroidManifest.xml:34:17-76
72-->src/main/AndroidManifest.xml:34:27-73
73                <category android:name="android.intent.category.BROWSABLE" />
73-->src/main/AndroidManifest.xml:35:17-78
73-->src/main/AndroidManifest.xml:35:27-75
74
75                <data
75-->src/main/AndroidManifest.xml:37:17-39:78
76                    android:host="oauth"
76-->src/main/AndroidManifest.xml:38:21-41
77                    android:scheme="kakaoa51292da8bc69b2160b0bb97ec00b2ad" />
77-->src/main/AndroidManifest.xml:39:21-75
78            </intent-filter>
79        </activity>
80        <activity
80-->src/main/AndroidManifest.xml:42:9-44:39
81            android:name="umc.cozymate.ui.onboarding.OnboardingActivity"
81-->src/main/AndroidManifest.xml:43:13-61
82            android:exported="true" />
82-->src/main/AndroidManifest.xml:44:13-36
83        <activity
83-->src/main/AndroidManifest.xml:45:9-47:39
84            android:name="umc.cozymate.ui.cozy_home.enter_room.CozyHomeEnterInviteCodeActivity"
84-->src/main/AndroidManifest.xml:46:13-84
85            android:exported="true" />
85-->src/main/AndroidManifest.xml:47:13-36
86        <activity
86-->src/main/AndroidManifest.xml:48:9-50:39
87            android:name="umc.cozymate.ui.cozy_home.common.CozyHomeCharacterSelectionActivity"
87-->src/main/AndroidManifest.xml:49:13-83
88            android:exported="true" />
88-->src/main/AndroidManifest.xml:50:13-36
89        <activity
89-->src/main/AndroidManifest.xml:51:9-53:39
90            android:name="umc.cozymate.ui.cozy_home.make_room.CozyHomeInviteRoommateActivity"
90-->src/main/AndroidManifest.xml:52:13-82
91            android:exported="true" />
91-->src/main/AndroidManifest.xml:53:13-36
92        <activity
92-->src/main/AndroidManifest.xml:54:9-56:40
93            android:name="umc.cozymate.ui.roommate.RoommateDetailActivity"
93-->src/main/AndroidManifest.xml:55:13-63
94            android:exported="false" />
94-->src/main/AndroidManifest.xml:56:13-37
95        <activity
95-->src/main/AndroidManifest.xml:57:9-59:40
96            android:name="umc.cozymate.ui.roommate.lifestyle_info.RoommateSelectionInfoActivity"
96-->src/main/AndroidManifest.xml:58:13-85
97            android:exported="false" />
97-->src/main/AndroidManifest.xml:59:13-37
98        <activity
98-->src/main/AndroidManifest.xml:60:9-62:40
99            android:name="umc.cozymate.ui.roommate.lifestyle_info.RoommateEssentialInfoActivity"
99-->src/main/AndroidManifest.xml:61:13-85
100            android:exported="false" />
100-->src/main/AndroidManifest.xml:62:13-37
101        <activity
101-->src/main/AndroidManifest.xml:63:9-65:40
102            android:name="umc.cozymate.ui.roommate.lifestyle_info.RoommateBasicInfoActivity"
102-->src/main/AndroidManifest.xml:64:13-81
103            android:exported="false" />
103-->src/main/AndroidManifest.xml:65:13-37
104        <activity
104-->src/main/AndroidManifest.xml:66:9-74:20
105            android:name="umc.cozymate.ui.MainActivity"
105-->src/main/AndroidManifest.xml:67:13-44
106            android:exported="true" >
106-->src/main/AndroidManifest.xml:68:13-36
107            <intent-filter>
107-->src/main/AndroidManifest.xml:69:13-73:29
108                <action android:name="android.intent.action.MAIN" />
108-->src/main/AndroidManifest.xml:70:17-69
108-->src/main/AndroidManifest.xml:70:25-66
109
110                <category android:name="android.intent.category.LAUNCHER" />
110-->src/main/AndroidManifest.xml:72:17-77
110-->src/main/AndroidManifest.xml:72:27-74
111            </intent-filter>
112        </activity>
113        <activity
113-->src/main/AndroidManifest.xml:75:9-78:20
114            android:name="umc.cozymate.ui.splash.SplashActivity"
114-->src/main/AndroidManifest.xml:76:13-53
115            android:exported="true" >
115-->src/main/AndroidManifest.xml:77:13-36
116        </activity>
117        <activity android:name="umc.cozymate.ui.role_rule.AddTodoActivity" />
117-->src/main/AndroidManifest.xml:80:9-65
117-->src/main/AndroidManifest.xml:80:19-63
118
119        <service
119-->src/main/AndroidManifest.xml:82:9-89:19
120            android:name="umc.cozymate.firebase.FCMService"
120-->src/main/AndroidManifest.xml:83:13-48
121            android:enabled="true"
121-->src/main/AndroidManifest.xml:84:13-35
122            android:exported="false" >
122-->src/main/AndroidManifest.xml:85:13-37
123            <intent-filter>
123-->src/main/AndroidManifest.xml:86:13-88:29
124                <action android:name="com.google.firebase.MESSAGING_EVENT" />
124-->src/main/AndroidManifest.xml:87:17-78
124-->src/main/AndroidManifest.xml:87:25-75
125            </intent-filter>
126        </service>
127
128        <meta-data
128-->src/main/AndroidManifest.xml:91:9-93:57
129            android:name="com.google.firebase.messaging.default_notification_icon"
129-->src/main/AndroidManifest.xml:92:13-83
130            android:resource="@drawable/app_icon_png" />
130-->src/main/AndroidManifest.xml:93:13-54
131        <meta-data
131-->src/main/AndroidManifest.xml:94:9-96:51
132            android:name="com.google.firebase.messaging.default_notification_color"
132-->src/main/AndroidManifest.xml:95:13-84
133            android:resource="@color/main_blue" />
133-->src/main/AndroidManifest.xml:96:13-48
134
135        <activity
135-->[com.kakao.sdk:v2-user:2.20.3] AndroidManifest.xml:10:9-13:56
136            android:name="com.kakao.sdk.user.ShippingAddressesHandlerActivity"
136-->[com.kakao.sdk:v2-user:2.20.3] AndroidManifest.xml:11:13-79
137            android:launchMode="singleTask"
137-->[com.kakao.sdk:v2-user:2.20.3] AndroidManifest.xml:12:13-44
138            android:theme="@style/TransparentCompat" />
138-->[com.kakao.sdk:v2-user:2.20.3] AndroidManifest.xml:13:13-53
139        <activity
139-->[com.kakao.sdk:v2-auth:2.20.3] AndroidManifest.xml:10:9-15:56
140            android:name="com.kakao.sdk.auth.TalkAuthCodeActivity"
140-->[com.kakao.sdk:v2-auth:2.20.3] AndroidManifest.xml:11:13-67
141            android:configChanges="orientation|screenSize|keyboardHidden"
141-->[com.kakao.sdk:v2-auth:2.20.3] AndroidManifest.xml:12:13-74
142            android:exported="false"
142-->[com.kakao.sdk:v2-auth:2.20.3] AndroidManifest.xml:13:13-37
143            android:launchMode="singleTask"
143-->[com.kakao.sdk:v2-auth:2.20.3] AndroidManifest.xml:14:13-44
144            android:theme="@style/TransparentCompat" />
144-->[com.kakao.sdk:v2-auth:2.20.3] AndroidManifest.xml:15:13-53
145        <activity
145-->[com.kakao.sdk:v2-auth:2.20.3] AndroidManifest.xml:20:9-23:56
146            android:name="com.kakao.sdk.auth.AppsHandlerActivity"
146-->[com.kakao.sdk:v2-auth:2.20.3] AndroidManifest.xml:21:13-66
147            android:launchMode="singleTask"
147-->[com.kakao.sdk:v2-auth:2.20.3] AndroidManifest.xml:22:13-44
148            android:theme="@style/TransparentCompat" />
148-->[com.kakao.sdk:v2-auth:2.20.3] AndroidManifest.xml:23:13-53
149
150        <provider
150-->[com.github.prolificinteractive:material-calendarview:2.0.1] AndroidManifest.xml:12:9-16:40
151            android:name="com.prolificinteractive.materialcalendarview.MaterialCalendarViewInitProvider"
151-->[com.github.prolificinteractive:material-calendarview:2.0.1] AndroidManifest.xml:13:13-105
152            android:authorities="umc.cozymate.materialcalendarviewinitprovider"
152-->[com.github.prolificinteractive:material-calendarview:2.0.1] AndroidManifest.xml:14:13-84
153            android:enabled="true"
153-->[com.github.prolificinteractive:material-calendarview:2.0.1] AndroidManifest.xml:15:13-35
154            android:exported="false" />
154-->[com.github.prolificinteractive:material-calendarview:2.0.1] AndroidManifest.xml:16:13-37
155
156        <service
156-->[com.google.firebase:firebase-analytics-ktx:22.0.0] AndroidManifest.xml:8:9-14:19
157            android:name="com.google.firebase.components.ComponentDiscoveryService"
157-->[com.google.firebase:firebase-analytics-ktx:22.0.0] AndroidManifest.xml:9:13-84
158            android:directBootAware="true"
158-->[com.google.firebase:firebase-common:21.0.0] AndroidManifest.xml:32:13-43
159            android:exported="false" >
159-->[com.google.firebase:firebase-analytics-ktx:22.0.0] AndroidManifest.xml:10:13-37
160            <meta-data
160-->[com.google.firebase:firebase-analytics-ktx:22.0.0] AndroidManifest.xml:11:13-13:85
161                android:name="com.google.firebase.components:com.google.firebase.analytics.ktx.FirebaseAnalyticsLegacyRegistrar"
161-->[com.google.firebase:firebase-analytics-ktx:22.0.0] AndroidManifest.xml:12:17-129
162                android:value="com.google.firebase.components.ComponentRegistrar" />
162-->[com.google.firebase:firebase-analytics-ktx:22.0.0] AndroidManifest.xml:13:17-82
163            <meta-data
163-->[com.google.android.gms:play-services-measurement-api:22.0.0] AndroidManifest.xml:37:13-39:85
164                android:name="com.google.firebase.components:com.google.firebase.analytics.connector.internal.AnalyticsConnectorRegistrar"
164-->[com.google.android.gms:play-services-measurement-api:22.0.0] AndroidManifest.xml:38:17-139
165                android:value="com.google.firebase.components.ComponentRegistrar" />
165-->[com.google.android.gms:play-services-measurement-api:22.0.0] AndroidManifest.xml:39:17-82
166            <meta-data
166-->[com.google.firebase:firebase-messaging-ktx:24.0.0] AndroidManifest.xml:26:13-28:85
167                android:name="com.google.firebase.components:com.google.firebase.messaging.ktx.FirebaseMessagingLegacyRegistrar"
167-->[com.google.firebase:firebase-messaging-ktx:24.0.0] AndroidManifest.xml:27:17-129
168                android:value="com.google.firebase.components.ComponentRegistrar" />
168-->[com.google.firebase:firebase-messaging-ktx:24.0.0] AndroidManifest.xml:28:17-82
169            <meta-data
169-->[com.google.firebase:firebase-messaging:24.0.0] AndroidManifest.xml:57:13-59:85
170                android:name="com.google.firebase.components:com.google.firebase.messaging.FirebaseMessagingKtxRegistrar"
170-->[com.google.firebase:firebase-messaging:24.0.0] AndroidManifest.xml:58:17-122
171                android:value="com.google.firebase.components.ComponentRegistrar" />
171-->[com.google.firebase:firebase-messaging:24.0.0] AndroidManifest.xml:59:17-82
172            <meta-data
172-->[com.google.firebase:firebase-messaging:24.0.0] AndroidManifest.xml:60:13-62:85
173                android:name="com.google.firebase.components:com.google.firebase.messaging.FirebaseMessagingRegistrar"
173-->[com.google.firebase:firebase-messaging:24.0.0] AndroidManifest.xml:61:17-119
174                android:value="com.google.firebase.components.ComponentRegistrar" />
174-->[com.google.firebase:firebase-messaging:24.0.0] AndroidManifest.xml:62:17-82
175            <meta-data
175-->[com.google.firebase:firebase-installations:18.0.0] AndroidManifest.xml:15:13-17:85
176                android:name="com.google.firebase.components:com.google.firebase.installations.FirebaseInstallationsKtxRegistrar"
176-->[com.google.firebase:firebase-installations:18.0.0] AndroidManifest.xml:16:17-130
177                android:value="com.google.firebase.components.ComponentRegistrar" />
177-->[com.google.firebase:firebase-installations:18.0.0] AndroidManifest.xml:17:17-82
178            <meta-data
178-->[com.google.firebase:firebase-installations:18.0.0] AndroidManifest.xml:18:13-20:85
179                android:name="com.google.firebase.components:com.google.firebase.installations.FirebaseInstallationsRegistrar"
179-->[com.google.firebase:firebase-installations:18.0.0] AndroidManifest.xml:19:17-127
180                android:value="com.google.firebase.components.ComponentRegistrar" />
180-->[com.google.firebase:firebase-installations:18.0.0] AndroidManifest.xml:20:17-82
181            <meta-data
181-->[com.google.firebase:firebase-common-ktx:21.0.0] AndroidManifest.xml:12:13-14:85
182                android:name="com.google.firebase.components:com.google.firebase.ktx.FirebaseCommonLegacyRegistrar"
182-->[com.google.firebase:firebase-common-ktx:21.0.0] AndroidManifest.xml:13:17-116
183                android:value="com.google.firebase.components.ComponentRegistrar" />
183-->[com.google.firebase:firebase-common-ktx:21.0.0] AndroidManifest.xml:14:17-82
184            <meta-data
184-->[com.google.firebase:firebase-common:21.0.0] AndroidManifest.xml:35:13-37:85
185                android:name="com.google.firebase.components:com.google.firebase.FirebaseCommonKtxRegistrar"
185-->[com.google.firebase:firebase-common:21.0.0] AndroidManifest.xml:36:17-109
186                android:value="com.google.firebase.components.ComponentRegistrar" />
186-->[com.google.firebase:firebase-common:21.0.0] AndroidManifest.xml:37:17-82
187            <meta-data
187-->[com.google.firebase:firebase-datatransport:18.2.0] AndroidManifest.xml:25:13-27:85
188                android:name="com.google.firebase.components:com.google.firebase.datatransport.TransportRegistrar"
188-->[com.google.firebase:firebase-datatransport:18.2.0] AndroidManifest.xml:26:17-115
189                android:value="com.google.firebase.components.ComponentRegistrar" />
189-->[com.google.firebase:firebase-datatransport:18.2.0] AndroidManifest.xml:27:17-82
190        </service>
191
192        <receiver
192-->[com.google.android.gms:play-services-measurement:22.0.0] AndroidManifest.xml:29:9-33:20
193            android:name="com.google.android.gms.measurement.AppMeasurementReceiver"
193-->[com.google.android.gms:play-services-measurement:22.0.0] AndroidManifest.xml:30:13-85
194            android:enabled="true"
194-->[com.google.android.gms:play-services-measurement:22.0.0] AndroidManifest.xml:31:13-35
195            android:exported="false" >
195-->[com.google.android.gms:play-services-measurement:22.0.0] AndroidManifest.xml:32:13-37
196        </receiver>
197
198        <service
198-->[com.google.android.gms:play-services-measurement:22.0.0] AndroidManifest.xml:35:9-38:40
199            android:name="com.google.android.gms.measurement.AppMeasurementService"
199-->[com.google.android.gms:play-services-measurement:22.0.0] AndroidManifest.xml:36:13-84
200            android:enabled="true"
200-->[com.google.android.gms:play-services-measurement:22.0.0] AndroidManifest.xml:37:13-35
201            android:exported="false" />
201-->[com.google.android.gms:play-services-measurement:22.0.0] AndroidManifest.xml:38:13-37
202        <service
202-->[com.google.android.gms:play-services-measurement:22.0.0] AndroidManifest.xml:39:9-43:72
203            android:name="com.google.android.gms.measurement.AppMeasurementJobService"
203-->[com.google.android.gms:play-services-measurement:22.0.0] AndroidManifest.xml:40:13-87
204            android:enabled="true"
204-->[com.google.android.gms:play-services-measurement:22.0.0] AndroidManifest.xml:41:13-35
205            android:exported="false"
205-->[com.google.android.gms:play-services-measurement:22.0.0] AndroidManifest.xml:42:13-37
206            android:permission="android.permission.BIND_JOB_SERVICE" />
206-->[com.google.android.gms:play-services-measurement:22.0.0] AndroidManifest.xml:43:13-69
207
208        <property
208-->[com.google.android.gms:play-services-measurement-api:22.0.0] AndroidManifest.xml:30:9-32:61
209            android:name="android.adservices.AD_SERVICES_CONFIG"
209-->[com.google.android.gms:play-services-measurement-api:22.0.0] AndroidManifest.xml:31:13-65
210            android:resource="@xml/ga_ad_services_config" />
210-->[com.google.android.gms:play-services-measurement-api:22.0.0] AndroidManifest.xml:32:13-58
211
212        <receiver
212-->[com.google.firebase:firebase-messaging:24.0.0] AndroidManifest.xml:29:9-40:20
213            android:name="com.google.firebase.iid.FirebaseInstanceIdReceiver"
213-->[com.google.firebase:firebase-messaging:24.0.0] AndroidManifest.xml:30:13-78
214            android:exported="true"
214-->[com.google.firebase:firebase-messaging:24.0.0] AndroidManifest.xml:31:13-36
215            android:permission="com.google.android.c2dm.permission.SEND" >
215-->[com.google.firebase:firebase-messaging:24.0.0] AndroidManifest.xml:32:13-73
216            <intent-filter>
216-->[com.google.firebase:firebase-messaging:24.0.0] AndroidManifest.xml:33:13-35:29
217                <action android:name="com.google.android.c2dm.intent.RECEIVE" />
217-->[com.google.firebase:firebase-messaging:24.0.0] AndroidManifest.xml:34:17-81
217-->[com.google.firebase:firebase-messaging:24.0.0] AndroidManifest.xml:34:25-78
218            </intent-filter>
219
220            <meta-data
220-->[com.google.firebase:firebase-messaging:24.0.0] AndroidManifest.xml:37:13-39:40
221                android:name="com.google.android.gms.cloudmessaging.FINISHED_AFTER_HANDLED"
221-->[com.google.firebase:firebase-messaging:24.0.0] AndroidManifest.xml:38:17-92
222                android:value="true" />
222-->[com.google.firebase:firebase-messaging:24.0.0] AndroidManifest.xml:39:17-37
223        </receiver>
224        <!--
225             FirebaseMessagingService performs security checks at runtime,
226             but set to not exported to explicitly avoid allowing another app to call it.
227        -->
228        <service
228-->[com.google.firebase:firebase-messaging:24.0.0] AndroidManifest.xml:46:9-53:19
229            android:name="com.google.firebase.messaging.FirebaseMessagingService"
229-->[com.google.firebase:firebase-messaging:24.0.0] AndroidManifest.xml:47:13-82
230            android:directBootAware="true"
230-->[com.google.firebase:firebase-messaging:24.0.0] AndroidManifest.xml:48:13-43
231            android:exported="false" >
231-->[com.google.firebase:firebase-messaging:24.0.0] AndroidManifest.xml:49:13-37
232            <intent-filter android:priority="-500" >
232-->src/main/AndroidManifest.xml:86:13-88:29
233                <action android:name="com.google.firebase.MESSAGING_EVENT" />
233-->src/main/AndroidManifest.xml:87:17-78
233-->src/main/AndroidManifest.xml:87:25-75
234            </intent-filter>
235        </service>
236
237        <provider
237-->[com.google.firebase:firebase-common:21.0.0] AndroidManifest.xml:23:9-28:39
238            android:name="com.google.firebase.provider.FirebaseInitProvider"
238-->[com.google.firebase:firebase-common:21.0.0] AndroidManifest.xml:24:13-77
239            android:authorities="umc.cozymate.firebaseinitprovider"
239-->[com.google.firebase:firebase-common:21.0.0] AndroidManifest.xml:25:13-72
240            android:directBootAware="true"
240-->[com.google.firebase:firebase-common:21.0.0] AndroidManifest.xml:26:13-43
241            android:exported="false"
241-->[com.google.firebase:firebase-common:21.0.0] AndroidManifest.xml:27:13-37
242            android:initOrder="100" />
242-->[com.google.firebase:firebase-common:21.0.0] AndroidManifest.xml:28:13-36
243
244        <activity
244-->[com.google.android.gms:play-services-base:18.0.1] AndroidManifest.xml:20:9-22:45
245            android:name="com.google.android.gms.common.api.GoogleApiActivity"
245-->[com.google.android.gms:play-services-base:18.0.1] AndroidManifest.xml:20:19-85
246            android:exported="false"
246-->[com.google.android.gms:play-services-base:18.0.1] AndroidManifest.xml:22:19-43
247            android:theme="@android:style/Theme.Translucent.NoTitleBar" />
247-->[com.google.android.gms:play-services-base:18.0.1] AndroidManifest.xml:21:19-78
248
249        <provider
249-->[androidx.work:work-runtime:2.9.0] AndroidManifest.xml:29:9-37:20
250            android:name="androidx.startup.InitializationProvider"
250-->[androidx.work:work-runtime:2.9.0] AndroidManifest.xml:30:13-67
251            android:authorities="umc.cozymate.androidx-startup"
251-->[androidx.work:work-runtime:2.9.0] AndroidManifest.xml:31:13-68
252            android:exported="false" >
252-->[androidx.work:work-runtime:2.9.0] AndroidManifest.xml:32:13-37
253            <meta-data
253-->[androidx.work:work-runtime:2.9.0] AndroidManifest.xml:34:13-36:52
254                android:name="androidx.work.WorkManagerInitializer"
254-->[androidx.work:work-runtime:2.9.0] AndroidManifest.xml:35:17-68
255                android:value="androidx.startup" />
255-->[androidx.work:work-runtime:2.9.0] AndroidManifest.xml:36:17-49
256            <meta-data
256-->[androidx.emoji2:emoji2:1.2.0] AndroidManifest.xml:29:13-31:52
257                android:name="androidx.emoji2.text.EmojiCompatInitializer"
257-->[androidx.emoji2:emoji2:1.2.0] AndroidManifest.xml:30:17-75
258                android:value="androidx.startup" />
258-->[androidx.emoji2:emoji2:1.2.0] AndroidManifest.xml:31:17-49
259            <meta-data
259-->[androidx.lifecycle:lifecycle-process:2.6.2] AndroidManifest.xml:29:13-31:52
260                android:name="androidx.lifecycle.ProcessLifecycleInitializer"
260-->[androidx.lifecycle:lifecycle-process:2.6.2] AndroidManifest.xml:30:17-78
261                android:value="androidx.startup" />
261-->[androidx.lifecycle:lifecycle-process:2.6.2] AndroidManifest.xml:31:17-49
262            <meta-data
262-->[androidx.profileinstaller:profileinstaller:1.3.1] AndroidManifest.xml:29:13-31:52
263                android:name="androidx.profileinstaller.ProfileInstallerInitializer"
263-->[androidx.profileinstaller:profileinstaller:1.3.1] AndroidManifest.xml:30:17-85
264                android:value="androidx.startup" />
264-->[androidx.profileinstaller:profileinstaller:1.3.1] AndroidManifest.xml:31:17-49
265        </provider>
266
267        <service
267-->[androidx.work:work-runtime:2.9.0] AndroidManifest.xml:39:9-45:35
268            android:name="androidx.work.impl.background.systemalarm.SystemAlarmService"
268-->[androidx.work:work-runtime:2.9.0] AndroidManifest.xml:40:13-88
269            android:directBootAware="false"
269-->[androidx.work:work-runtime:2.9.0] AndroidManifest.xml:41:13-44
270            android:enabled="@bool/enable_system_alarm_service_default"
270-->[androidx.work:work-runtime:2.9.0] AndroidManifest.xml:42:13-72
271            android:exported="false" />
271-->[androidx.work:work-runtime:2.9.0] AndroidManifest.xml:43:13-37
272        <service
272-->[androidx.work:work-runtime:2.9.0] AndroidManifest.xml:46:9-52:35
273            android:name="androidx.work.impl.background.systemjob.SystemJobService"
273-->[androidx.work:work-runtime:2.9.0] AndroidManifest.xml:47:13-84
274            android:directBootAware="false"
274-->[androidx.work:work-runtime:2.9.0] AndroidManifest.xml:48:13-44
275            android:enabled="@bool/enable_system_job_service_default"
275-->[androidx.work:work-runtime:2.9.0] AndroidManifest.xml:49:13-70
276            android:exported="true"